#! /mingw64/bin/vvp
:ivl_version "13.0 (devel)";
:ivl_delay_selection "TYPICAL";
:vpi_time_precision + 0;
:vpi_module "C:\msys64\mingw64\lib\ivl\system.vpi";
:vpi_module "C:\msys64\mingw64\lib\ivl\vhdl_sys.vpi";
:vpi_module "C:\msys64\mingw64\lib\ivl\vhdl_textio.vpi";
:vpi_module "C:\msys64\mingw64\lib\ivl\v2005_math.vpi";
:vpi_module "C:\msys64\mingw64\lib\ivl\va_math.vpi";
S_000001e337818070 .scope module, "test" "test" 2 1;
 .timescale 0 0;
v000001e337676780_0 .var "counter", 7 0;
v000001e33781ac60_0 .var "data", 7 0;
v000001e33781ad00_0 .var/i "fd", 31 0;
v000001e33781ada0_0 .var/i "scan_count", 31 0;
    .scope S_000001e337818070;
T_0 ;
    %pushi/vec4 0, 0, 8;
    %store/vec4 v000001e337676780_0, 0, 8;
T_0.0 ;
    %delay 10, 0;
    %load/vec4 v000001e337676780_0;
    %addi 1, 0, 8;
    %store/vec4 v000001e337676780_0, 0, 8;
    %vpi_call 2 12 "$display", "Counter: %d", v000001e337676780_0 {0 0 0};
    %jmp T_0.0;
T_0.1 ;
    %end;
    .thread T_0;
    .scope S_000001e337818070;
T_1 ;
    %pushi/vec4 2147483648, 0, 32;
    %store/vec4 v000001e33781ad00_0, 0, 32;
T_1.0 ;
    %vpi_func 2 22 "$fscanf" 32, v000001e33781ad00_0, "%h", v000001e33781ac60_0 {0 0 0};
    %store/vec4 v000001e33781ada0_0, 0, 32;
    %load/vec4 v000001e33781ada0_0;
    %cmpi/e 1, 0, 32;
    %jmp/0xz  T_1.2, 4;
    %vpi_call 2 24 "$display", "Read value: %h", v000001e33781ac60_0 {0 0 0};
T_1.2 ;
    %delay 5, 0;
    %jmp T_1.0;
T_1.1 ;
    %end;
    .thread T_1;
# The file index is used to find the file name in the following table.
:file_names 3;
    "N/A";
    "<interactive>";
    "read_test.v";
